<?xml version="1.0" encoding="UTF-8"?>
<!-- Generated by org.testng.reporters.JUnitReportReporter -->
<testsuite hostname="DESKTOP-36SMPU4" failures="0" tests="1" name="tutorialsNinjaTests.WishListTest" time="9.970" errors="0" timestamp="2023-01-20T09:43:41 CET" skipped="0">
  <testcase classname="tutorialsNinjaTests.WishListTest" name="verifyProductWishListFunctionality" time="9.970"/>
  <system-out/>
</testsuite> <!-- tutorialsNinjaTests.WishListTest -->
