<?xml version="1.0" encoding="UTF-8"?>
<!-- Generated by org.testng.reporters.JUnitReportReporter -->
<testsuite hostname="DESKTOP-36SMPU4" failures="0" tests="1" name="tutorialsNinjaTests.ModifyAddressBookPageTest" time="8.611" errors="0" timestamp="2023-01-17T21:13:34 CET" skipped="0">
  <testcase classname="tutorialsNinjaTests.ModifyAddressBookPageTest" name="verifyModifyAddressBookFunctionality" time="8.611"/>
  <system-out/>
</testsuite> <!-- tutorialsNinjaTests.ModifyAddressBookPageTest -->
