<?xml version="1.0" encoding="UTF-8"?>
<!-- Generated by org.testng.reporters.JUnitReportReporter -->
<testsuite hostname="DESKTOP-36SMPU4" failures="0" tests="2" name="tutorialsNinjaTests.PurchaseGiftCertificateTest" time="14.406" errors="0" timestamp="2023-01-26T20:07:36 CET" skipped="0">
  <testcase classname="tutorialsNinjaTests.PurchaseGiftCertificateTest" name="GiftCertificateTest" time="8.033"/>
  <system-out/>
  <testcase classname="tutorialsNinjaTests.PurchaseGiftCertificateTest" name="GiftCertificateTest2" time="6.373"/>
  <system-out/>
</testsuite> <!-- tutorialsNinjaTests.PurchaseGiftCertificateTest -->
