<?xml version="1.0" encoding="UTF-8"?>
<!-- Generated by org.testng.reporters.JUnitReportReporter -->
<testsuite hostname="DESKTOP-36SMPU4" failures="0" tests="2" name="tutorialsNinjaTests.ForgotPasswordTest" time="12.289" errors="0" timestamp="2023-01-27T19:00:55 CET" skipped="0">
  <testcase classname="tutorialsNinjaTests.ForgotPasswordTest" name="verifyForgotPwdFunctionality" time="5.800"/>
  <system-out/>
  <testcase classname="tutorialsNinjaTests.ForgotPasswordTest" name="verifyForgotPwdFunctionalityFromRightLink" time="6.489"/>
  <system-out/>
</testsuite> <!-- tutorialsNinjaTests.ForgotPasswordTest -->
