<?xml version="1.0" encoding="UTF-8"?>
<!-- Generated by org.testng.reporters.JUnitReportReporter -->
<testsuite hostname="DESKTOP-36SMPU4" failures="0" tests="2" name="tutorialsNinjaTests.ForgotPasswordTest" time="13.162" errors="0" timestamp="2023-01-26T15:35:51 CET" skipped="0">
  <testcase classname="tutorialsNinjaTests.ForgotPasswordTest" name="verifyForgotPwdFunctionality" time="6.267"/>
  <system-out/>
  <testcase classname="tutorialsNinjaTests.ForgotPasswordTest" name="verifyForgotPwdFunctionalityFromRightLink" time="6.895"/>
  <system-out/>
</testsuite> <!-- tutorialsNinjaTests.ForgotPasswordTest -->
