<?xml version="1.0" encoding="UTF-8"?>
<!-- Generated by org.testng.reporters.JUnitReportReporter -->
<testsuite hostname="DESKTOP-36SMPU4" failures="0" tests="1" name="tutorialsNinjaTests.ShoppingCartTest" time="14.472" errors="0" timestamp="2023-01-20T09:59:24 CET" skipped="0">
  <testcase classname="tutorialsNinjaTests.ShoppingCartTest" name="verifyShippingAndTaxes111functionality" time="14.472"/>
  <system-out/>
</testsuite> <!-- tutorialsNinjaTests.ShoppingCartTest -->
