<?xml version="1.0" encoding="UTF-8"?>
<!-- Generated by org.testng.reporters.JUnitReportReporter -->
<testsuite hostname="DESKTOP-36SMPU4" failures="0" tests="1" name="TutorialsNinjaTests.HeaderPageTest" time="4.149" errors="0" timestamp="2023-01-11T19:42:07 CET" skipped="0">
  <testcase classname="TutorialsNinjaTests.HeaderPageTest" name="verifyClickOnMyAccount" time="4.149"/>
  <system-out/>
</testsuite> <!-- TutorialsNinjaTests.HeaderPageTest -->
