<?xml version="1.0" encoding="UTF-8"?>
<!-- Generated by org.testng.reporters.JUnitReportReporter -->
<testsuite hostname="DESKTOP-36SMPU4" failures="0" tests="1" name="tutorialsNinjaTests.AddressBookPageTest" time="8.467" errors="0" timestamp="2023-01-27T19:01:13 CET" skipped="0">
  <testcase classname="tutorialsNinjaTests.AddressBookPageTest" name="verifyModifyAddressBookFunctionality" time="8.467"/>
  <system-out/>
</testsuite> <!-- tutorialsNinjaTests.AddressBookPageTest -->
