<?xml version="1.0" encoding="UTF-8"?>
<!-- Generated by org.testng.reporters.JUnitReportReporter -->
<testsuite hostname="DESKTOP-36SMPU4" failures="0" tests="1" name="tutorialsNinjaTests.ProductComparisionTest" time="7.428" errors="0" timestamp="2023-01-27T19:01:29 CET" skipped="0">
  <testcase classname="tutorialsNinjaTests.ProductComparisionTest" name="productComparision" time="7.428"/>
  <system-out/>
</testsuite> <!-- tutorialsNinjaTests.ProductComparisionTest -->
