<?xml version="1.0" encoding="UTF-8"?>
<!-- Generated by org.testng.reporters.JUnitReportReporter -->
<testsuite hostname="DESKTOP-36SMPU4" failures="0" tests="2" name="tutorialsNinjaTests.PurchaseGiftCertificateTest" time="16.228" errors="0" timestamp="2023-01-26T16:11:08 CET" skipped="0">
  <testcase classname="tutorialsNinjaTests.PurchaseGiftCertificateTest" name="GiftCertificateTest2" time="7.203"/>
  <system-out/>
  <testcase classname="tutorialsNinjaTests.PurchaseGiftCertificateTest" name="GiftCertificateTest" time="9.025"/>
  <system-out/>
</testsuite> <!-- tutorialsNinjaTests.PurchaseGiftCertificateTest -->
