<?xml version="1.0" encoding="UTF-8"?>
<!-- Generated by org.testng.reporters.JUnitReportReporter -->
<testsuite hostname="DESKTOP-36SMPU4" failures="0" tests="1" name="tutorialsNinjaTests.AddToCartTest" time="7.454" errors="0" timestamp="2023-01-19T20:04:03 CET" skipped="0">
  <testcase classname="tutorialsNinjaTests.AddToCartTest" name="verifyAddProductToCartFunctionality" time="7.454"/>
  <system-out/>
</testsuite> <!-- tutorialsNinjaTests.AddToCartTest -->
