<?xml version="1.0" encoding="UTF-8"?>
<!-- Generated by org.testng.reporters.JUnitReportReporter -->
<testsuite hostname="DESKTOP-36SMPU4" failures="0" tests="1" name="tutorialsNinjaTests.LoginPageTest" time="4.785" errors="0" timestamp="2023-01-24T10:19:20 CET" skipped="0">
  <testcase classname="tutorialsNinjaTests.LoginPageTest" name="verifyLoginWithValidCredentials" time="4.785"/>
  <system-out/>
</testsuite> <!-- tutorialsNinjaTests.LoginPageTest -->
