<?xml version="1.0" encoding="UTF-8"?>
<!-- Generated by org.testng.reporters.JUnitReportReporter -->
<testsuite hostname="DESKTOP-36SMPU4" failures="0" tests="1" name="TutorialsNinjaTests.HomePageTest" time="2.942" errors="0" timestamp="2023-01-11T12:10:47 CET" skipped="0">
  <testcase classname="TutorialsNinjaTests.HomePageTest" name="verifyClickOnMyAccount" time="2.942"/>
  <system-out/>
</testsuite> <!-- TutorialsNinjaTests.HomePageTest -->
