<?xml version="1.0" encoding="UTF-8"?>
<!-- Generated by org.testng.reporters.JUnitReportReporter -->
<testsuite hostname="DESKTOP-36SMPU4" failures="0" tests="2" name="tutorialsNinjaTests.MyAccountPageTest" time="15.961" errors="0" timestamp="2023-01-13T20:20:26 CET" skipped="0">
  <testcase classname="tutorialsNinjaTests.MyAccountPageTest" name="verifyModifyAddressBookFunctionality" time="8.069"/>
  <system-out/>
  <testcase classname="tutorialsNinjaTests.MyAccountPageTest" name="verifyEditAccountInfoFunctionality" time="7.892"/>
  <system-out/>
</testsuite> <!-- tutorialsNinjaTests.MyAccountPageTest -->
