<?xml version="1.0" encoding="UTF-8"?>
<!-- Generated by org.testng.reporters.JUnitReportReporter -->
<testsuite hostname="DESKTOP-36SMPU4" failures="0" tests="1" name="tutorialsNinjaTests.LoginPageTest" time="6.515" errors="0" timestamp="2023-01-26T15:46:01 CET" skipped="0">
  <testcase classname="tutorialsNinjaTests.LoginPageTest" name="verifyLogin" time="6.515"/>
  <system-out/>
</testsuite> <!-- tutorialsNinjaTests.LoginPageTest -->
