<?xml version="1.0" encoding="UTF-8"?>
<!-- Generated by org.testng.reporters.JUnitReportReporter -->
<testsuite hostname="DESKTOP-36SMPU4" failures="0" tests="1" name="tutorialsNinjaTests.AddressBookPageTest" time="9.871" errors="0" timestamp="2023-01-26T15:59:21 CET" skipped="0">
  <testcase classname="tutorialsNinjaTests.AddressBookPageTest" name="verifyModifyAddressBookFunctionality" time="9.871"/>
  <system-out/>
</testsuite> <!-- tutorialsNinjaTests.AddressBookPageTest -->
