<?xml version="1.0" encoding="UTF-8"?>
<!-- Generated by org.testng.reporters.JUnitReportReporter -->
<testsuite hostname="DESKTOP-36SMPU4" failures="0" tests="1" name="tutorialsNinjaTests.NewsletterSubscriptionTest" time="7.032" errors="0" timestamp="2023-01-27T19:02:48 CET" skipped="0">
  <testcase classname="tutorialsNinjaTests.NewsletterSubscriptionTest" name="verifyNewsletterSubscriptionFunctionality" time="7.032"/>
  <system-out/>
</testsuite> <!-- tutorialsNinjaTests.NewsletterSubscriptionTest -->
