<?xml version="1.0" encoding="UTF-8"?>
<!-- Generated by org.testng.reporters.JUnitReportReporter -->
<testsuite hostname="DESKTOP-36SMPU4" failures="0" tests="2" name="tutorialsNinjaTests.ForgotPasswordTest" time="9.094" errors="0" timestamp="2023-01-19T20:04:03 CET" skipped="0">
  <testcase classname="tutorialsNinjaTests.ForgotPasswordTest" name="verifyForgotPwdFunctionality" time="4.380"/>
  <system-out/>
  <testcase classname="tutorialsNinjaTests.ForgotPasswordTest" name="verifyForgotPwdFunctionalityFromRightLink" time="4.714"/>
  <system-out/>
</testsuite> <!-- tutorialsNinjaTests.ForgotPasswordTest -->
