<?xml version="1.0" encoding="UTF-8"?>
<!-- Generated by org.testng.reporters.JUnitReportReporter -->
<testsuite hostname="DESKTOP-36SMPU4" failures="0" tests="2" name="tutorialsNinjaTests.PurchaseGiftCertificateTest" time="14.349" errors="0" timestamp="2023-01-27T19:01:53 CET" skipped="0">
  <testcase classname="tutorialsNinjaTests.PurchaseGiftCertificateTest" name="GiftCertificateTest2" time="7.117"/>
  <system-out/>
  <testcase classname="tutorialsNinjaTests.PurchaseGiftCertificateTest" name="GiftCertificateTest" time="7.232"/>
  <system-out/>
</testsuite> <!-- tutorialsNinjaTests.PurchaseGiftCertificateTest -->
