<?xml version="1.0" encoding="UTF-8"?>
<!-- Generated by org.testng.reporters.JUnitReportReporter -->
<testsuite hostname="DESKTOP-36SMPU4" failures="0" tests="1" name="tutorialsNinjaTests.NewsletterSubscriptionTest" time="7.478" errors="0" timestamp="2023-01-26T16:08:51 CET" skipped="0">
  <testcase classname="tutorialsNinjaTests.NewsletterSubscriptionTest" name="verifyNewsletterSubscriptionFunctionality" time="7.478"/>
  <system-out/>
</testsuite> <!-- tutorialsNinjaTests.NewsletterSubscriptionTest -->
