<?xml version="1.0" encoding="UTF-8"?>
<!-- Generated by org.testng.reporters.JUnitReportReporter -->
<testsuite hostname="DESKTOP-36SMPU4" failures="0" tests="1" name="tutorialsNinjaTests.AddressBookPageTest" time="6.796" errors="0" timestamp="2023-01-19T20:04:03 CET" skipped="0">
  <testcase classname="tutorialsNinjaTests.AddressBookPageTest" name="verifyModifyAddressBookFunctionality" time="6.796"/>
  <system-out/>
</testsuite> <!-- tutorialsNinjaTests.AddressBookPageTest -->
