<?xml version="1.0" encoding="UTF-8"?>
<!-- Generated by org.testng.reporters.JUnitReportReporter -->
<testsuite hostname="DESKTOP-36SMPU4" failures="0" tests="1" name="tutorialsNinjaTests.AccountInfoPageTest" time="8.820" errors="0" timestamp="2023-01-26T15:48:22 CET" skipped="0">
  <testcase classname="tutorialsNinjaTests.AccountInfoPageTest" name="verifyEditAccountInfoFunctionality" time="8.820"/>
  <system-out/>
</testsuite> <!-- tutorialsNinjaTests.AccountInfoPageTest -->
