<?xml version="1.0" encoding="UTF-8"?>
<!-- Generated by org.testng.reporters.JUnitReportReporter -->
<testsuite hostname="DESKTOP-36SMPU4" failures="0" tests="2" name="tutorialsNinjaTests.NewsletterSubscriptionTest" time="10.827" errors="0" timestamp="2023-01-19T20:20:28 CET" skipped="0">
  <testcase classname="tutorialsNinjaTests.NewsletterSubscriptionTest" name="verifyNewsletterSubscriptionFunctionality" time="5.714"/>
  <system-out/>
  <testcase classname="tutorialsNinjaTests.NewsletterSubscriptionTest" name="verifySubscriptionFunctionality" time="5.113"/>
  <system-out/>
</testsuite> <!-- tutorialsNinjaTests.NewsletterSubscriptionTest -->
