<?xml version="1.0" encoding="UTF-8"?>
<!-- Generated by org.testng.reporters.JUnitReportReporter -->
<testsuite hostname="DESKTOP-36SMPU4" failures="0" tests="1" name="tutorialsNinjaTests.AccountInfoPageTest" time="7.663" errors="0" timestamp="2023-01-27T19:00:32 CET" skipped="0">
  <testcase classname="tutorialsNinjaTests.AccountInfoPageTest" name="verifyEditAccountInfoFunctionality" time="7.663"/>
  <system-out/>
</testsuite> <!-- tutorialsNinjaTests.AccountInfoPageTest -->
